<?xml version="1.0" encoding="UTF-8"?>
<robot generator="Robot 7.3.2 (Python 3.14.0 on linux)" generated="2026-04-12T15:29:57.377345" rpa="false" schemaversion="5">
<suite id="s1" name="TestCases" source="/app/TestCases">
<suite id="s1-s1" name="OrangeHRM Suite" source="/app/TestCases/OrangeHRM_Suite.robot">
<test id="s1-s1-t1" name="Verify Login Page title" line="7">
<kw name="Login to Application" owner="Common_keyword" type="SETUP">
<kw name="Open Browser" owner="SeleniumLibrary">
<msg time="2026-04-12T15:29:59.281011" level="INFO">Opening browser 'Chrome' to base url 'https://opensource-demo.orangehrmlive.com/'.</msg>
<msg time="2026-04-12T15:29:59.388295" level="INFO">Cannot capture screenshot because no browser is open.</msg>
<msg time="2026-04-12T15:29:59.390524" level="FAIL">NoSuchDriverException: Message: Unable to obtain driver for chrome; For documentation on this error, please visit: https://www.selenium.dev/documentation/webdriver/troubleshooting/errors/driver_location
</msg>
<arg>${url}</arg>
<arg>Chrome</arg>
<arg>options=binary_location=r"D:\\WebDrivers\\chrome-win64\\chrome.exe"</arg>
<doc>Opens a new browser instance to the optional ``url``.</doc>
<status status="FAIL" start="2026-04-12T15:29:59.267876" elapsed="0.166816">NoSuchDriverException: Message: Unable to obtain driver for chrome; For documentation on this error, please visit: https://www.selenium.dev/documentation/webdriver/troubleshooting/errors/driver_location
</status>
</kw>
<kw name="Maximize Browser Window" owner="SeleniumLibrary">
<doc>Maximizes current browser window.</doc>
<status status="NOT RUN" start="2026-04-12T15:29:59.436733" elapsed="0.000266"/>
</kw>
<kw name="Give Username" owner="LoginPage">
<status status="NOT RUN" start="2026-04-12T15:29:59.437953" elapsed="0.000218"/>
</kw>
<kw name="Enter password" owner="LoginPage">
<status status="NOT RUN" start="2026-04-12T15:29:59.438945" elapsed="0.000164"/>
</kw>
<kw name="Click Button Element" owner="Common_keyword">
<arg>${login_btn}</arg>
<status status="NOT RUN" start="2026-04-12T15:29:59.439712" elapsed="0.000154"/>
</kw>
<status status="FAIL" start="2026-04-12T15:29:59.263502" elapsed="0.177838">NoSuchDriverException: Message: Unable to obtain driver for chrome; For documentation on this error, please visit: https://www.selenium.dev/documentation/webdriver/troubleshooting/errors/driver_location
</status>
</kw>
<kw name="Logout from Application" owner="Common_keyword" type="TEARDOWN">
<kw name="Click Button Element" owner="Common_keyword">
<kw name="Wait Until Element Is Enabled" owner="SeleniumLibrary">
<msg time="2026-04-12T15:29:59.462738" level="INFO">Cannot capture screenshot because no browser is open.</msg>
<msg time="2026-04-12T15:29:59.465940" level="FAIL">No browser is open.</msg>
<arg>${loc}</arg>
<arg>10</arg>
<doc>Waits until the element ``locator`` is enabled.</doc>
<status status="FAIL" start="2026-04-12T15:29:59.459491" elapsed="0.016610">No browser is open.</status>
</kw>
<kw name="Click Element" owner="SeleniumLibrary">
<msg time="2026-04-12T15:29:59.478888" level="INFO">Clicking element '//p[@class='oxd-userdropdown-name']'.</msg>
<msg time="2026-04-12T15:29:59.479407" level="INFO">Cannot capture screenshot because no browser is open.</msg>
<msg time="2026-04-12T15:29:59.480134" level="FAIL">No browser is open.</msg>
<arg>${loc}</arg>
<doc>Click the element identified by ``locator``.</doc>
<status status="FAIL" start="2026-04-12T15:29:59.477311" elapsed="0.010885">No browser is open.</status>
</kw>
<arg>${user_drpdwn_menu}</arg>
<status status="FAIL" start="2026-04-12T15:29:59.457663" elapsed="0.031626">Several failures occurred:

1) No browser is open.

2) No browser is open.</status>
</kw>
<kw name="Click Button Element" owner="Common_keyword">
<kw name="Wait Until Element Is Enabled" owner="SeleniumLibrary">
<msg time="2026-04-12T15:29:59.494716" level="INFO">Cannot capture screenshot because no browser is open.</msg>
<msg time="2026-04-12T15:29:59.495486" level="FAIL">No browser is open.</msg>
<arg>${loc}</arg>
<arg>10</arg>
<doc>Waits until the element ``locator`` is enabled.</doc>
<status status="FAIL" start="2026-04-12T15:29:59.492294" elapsed="0.010801">No browser is open.</status>
</kw>
<kw name="Click Element" owner="SeleniumLibrary">
<msg time="2026-04-12T15:29:59.506212" level="INFO">Clicking element '//button'.</msg>
<msg time="2026-04-12T15:29:59.506753" level="INFO">Cannot capture screenshot because no browser is open.</msg>
<msg time="2026-04-12T15:29:59.507380" level="FAIL">No browser is open.</msg>
<arg>${loc}</arg>
<doc>Click the element identified by ``locator``.</doc>
<status status="FAIL" start="2026-04-12T15:29:59.504096" elapsed="0.008472">No browser is open.</status>
</kw>
<arg>${login_btn}</arg>
<status status="FAIL" start="2026-04-12T15:29:59.490388" elapsed="0.023049">Several failures occurred:

1) No browser is open.

2) No browser is open.</status>
</kw>
<kw name="Close Browser" owner="SeleniumLibrary">
<doc>Closes the current browser.</doc>
<status status="PASS" start="2026-04-12T15:29:59.514093" elapsed="0.000914"/>
</kw>
<status status="FAIL" start="2026-04-12T15:29:59.451557" elapsed="0.064217">Several failures occurred:

1) No browser is open.

2) No browser is open.

3) No browser is open.

4) No browser is open.</status>
</kw>
<tag>debug</tag>
<status status="FAIL" start="2026-04-12T15:29:59.259707" elapsed="0.256463">Setup failed:
NoSuchDriverException: Message: Unable to obtain driver for chrome; For documentation on this error, please visit: https://www.selenium.dev/documentation/webdriver/troubleshooting/errors/driver_location


Also teardown failed:
Several failures occurred:

1) No browser is open.

2) No browser is open.

3) No browser is open.

4) No browser is open.</status>
</test>
<test id="s1-s1-t2" name="Verify_Succesfull_Login" line="12">
<kw name="Login to Application" owner="Common_keyword" type="SETUP">
<kw name="Open Browser" owner="SeleniumLibrary">
<msg time="2026-04-12T15:29:59.523721" level="INFO">Opening browser 'Chrome' to base url 'https://opensource-demo.orangehrmlive.com/'.</msg>
<msg time="2026-04-12T15:29:59.557074" level="INFO">Cannot capture screenshot because no browser is open.</msg>
<msg time="2026-04-12T15:29:59.557658" level="FAIL">NoSuchDriverException: Message: Unable to obtain driver for chrome; For documentation on this error, please visit: https://www.selenium.dev/documentation/webdriver/troubleshooting/errors/driver_location
</msg>
<arg>${url}</arg>
<arg>Chrome</arg>
<arg>options=binary_location=r"D:\\WebDrivers\\chrome-win64\\chrome.exe"</arg>
<doc>Opens a new browser instance to the optional ``url``.</doc>
<status status="FAIL" start="2026-04-12T15:29:59.522247" elapsed="0.057212">NoSuchDriverException: Message: Unable to obtain driver for chrome; For documentation on this error, please visit: https://www.selenium.dev/documentation/webdriver/troubleshooting/errors/driver_location
</status>
</kw>
<kw name="Maximize Browser Window" owner="SeleniumLibrary">
<doc>Maximizes current browser window.</doc>
<status status="NOT RUN" start="2026-04-12T15:29:59.580288" elapsed="0.000153"/>
</kw>
<kw name="Give Username" owner="LoginPage">
<status status="NOT RUN" start="2026-04-12T15:29:59.581095" elapsed="0.000179"/>
</kw>
<kw name="Enter password" owner="LoginPage">
<status status="NOT RUN" start="2026-04-12T15:29:59.582533" elapsed="0.000371"/>
</kw>
<kw name="Click Button Element" owner="Common_keyword">
<arg>${login_btn}</arg>
<status status="NOT RUN" start="2026-04-12T15:29:59.583906" elapsed="0.000184"/>
</kw>
<status status="FAIL" start="2026-04-12T15:29:59.520514" elapsed="0.064199">NoSuchDriverException: Message: Unable to obtain driver for chrome; For documentation on this error, please visit: https://www.selenium.dev/documentation/webdriver/troubleshooting/errors/driver_location
</status>
</kw>
<kw name="Logout from Application" owner="Common_keyword" type="TEARDOWN">
<kw name="Click Button Element" owner="Common_keyword">
<kw name="Wait Until Element Is Enabled" owner="SeleniumLibrary">
<msg time="2026-04-12T15:29:59.595928" level="INFO">Cannot capture screenshot because no browser is open.</msg>
<msg time="2026-04-12T15:29:59.596898" level="FAIL">No browser is open.</msg>
<arg>${loc}</arg>
<arg>10</arg>
<doc>Waits until the element ``locator`` is enabled.</doc>
<status status="FAIL" start="2026-04-12T15:29:59.589209" elapsed="0.015022">No browser is open.</status>
</kw>
<kw name="Click Element" owner="SeleniumLibrary">
<msg time="2026-04-12T15:29:59.612815" level="INFO">Clicking element '//p[@class='oxd-userdropdown-name']'.</msg>
<msg time="2026-04-12T15:29:59.613188" level="INFO">Cannot capture screenshot because no browser is open.</msg>
<msg time="2026-04-12T15:29:59.613783" level="FAIL">No browser is open.</msg>
<arg>${loc}</arg>
<doc>Click the element identified by ``locator``.</doc>
<status status="FAIL" start="2026-04-12T15:29:59.609941" elapsed="0.009270">No browser is open.</status>
</kw>
<arg>${user_drpdwn_menu}</arg>
<status status="FAIL" start="2026-04-12T15:29:59.587333" elapsed="0.032883">Several failures occurred:

1) No browser is open.

2) No browser is open.</status>
</kw>
<kw name="Click Button Element" owner="Common_keyword">
<kw name="Wait Until Element Is Enabled" owner="SeleniumLibrary">
<msg time="2026-04-12T15:29:59.630449" level="INFO">Cannot capture screenshot because no browser is open.</msg>
<msg time="2026-04-12T15:29:59.631124" level="FAIL">No browser is open.</msg>
<arg>${loc}</arg>
<arg>10</arg>
<doc>Waits until the element ``locator`` is enabled.</doc>
<status status="FAIL" start="2026-04-12T15:29:59.623057" elapsed="0.016809">No browser is open.</status>
</kw>
<kw name="Click Element" owner="SeleniumLibrary">
<msg time="2026-04-12T15:29:59.641843" level="INFO">Clicking element '//button'.</msg>
<msg time="2026-04-12T15:29:59.642189" level="INFO">Cannot capture screenshot because no browser is open.</msg>
<msg time="2026-04-12T15:29:59.642724" level="FAIL">No browser is open.</msg>
<arg>${loc}</arg>
<doc>Click the element identified by ``locator``.</doc>
<status status="FAIL" start="2026-04-12T15:29:59.640769" elapsed="0.012589">No browser is open.</status>
</kw>
<arg>${login_btn}</arg>
<status status="FAIL" start="2026-04-12T15:29:59.621238" elapsed="0.033107">Several failures occurred:

1) No browser is open.

2) No browser is open.</status>
</kw>
<kw name="Close Browser" owner="SeleniumLibrary">
<doc>Closes the current browser.</doc>
<status status="PASS" start="2026-04-12T15:29:59.655474" elapsed="0.000575"/>
</kw>
<status status="FAIL" start="2026-04-12T15:29:59.586016" elapsed="0.070826">Several failures occurred:

1) No browser is open.

2) No browser is open.

3) No browser is open.

4) No browser is open.</status>
</kw>
<status status="FAIL" start="2026-04-12T15:29:59.517866" elapsed="0.139329">Setup failed:
NoSuchDriverException: Message: Unable to obtain driver for chrome; For documentation on this error, please visit: https://www.selenium.dev/documentation/webdriver/troubleshooting/errors/driver_location


Also teardown failed:
Several failures occurred:

1) No browser is open.

2) No browser is open.

3) No browser is open.

4) No browser is open.</status>
</test>
<test id="s1-s1-t3" name="Verify Admin text on Admin page" line="16">
<kw name="Login to Application" owner="Common_keyword" type="SETUP">
<kw name="Open Browser" owner="SeleniumLibrary">
<msg time="2026-04-12T15:29:59.673462" level="INFO">Opening browser 'Chrome' to base url 'https://opensource-demo.orangehrmlive.com/'.</msg>
<msg time="2026-04-12T15:29:59.700193" level="INFO">Cannot capture screenshot because no browser is open.</msg>
<msg time="2026-04-12T15:29:59.700745" level="FAIL">NoSuchDriverException: Message: Unable to obtain driver for chrome; For documentation on this error, please visit: https://www.selenium.dev/documentation/webdriver/troubleshooting/errors/driver_location
</msg>
<arg>${url}</arg>
<arg>Chrome</arg>
<arg>options=binary_location=r"D:\\WebDrivers\\chrome-win64\\chrome.exe"</arg>
<doc>Opens a new browser instance to the optional ``url``.</doc>
<status status="FAIL" start="2026-04-12T15:29:59.663033" elapsed="0.055503">NoSuchDriverException: Message: Unable to obtain driver for chrome; For documentation on this error, please visit: https://www.selenium.dev/documentation/webdriver/troubleshooting/errors/driver_location
</status>
</kw>
<kw name="Maximize Browser Window" owner="SeleniumLibrary">
<doc>Maximizes current browser window.</doc>
<status status="NOT RUN" start="2026-04-12T15:29:59.719578" elapsed="0.000206"/>
</kw>
<kw name="Give Username" owner="LoginPage">
<status status="NOT RUN" start="2026-04-12T15:29:59.721036" elapsed="0.000286"/>
</kw>
<kw name="Enter password" owner="LoginPage">
<status status="NOT RUN" start="2026-04-12T15:29:59.722096" elapsed="0.000206"/>
</kw>
<kw name="Click Button Element" owner="Common_keyword">
<arg>${login_btn}</arg>
<status status="NOT RUN" start="2026-04-12T15:29:59.723307" elapsed="0.000211"/>
</kw>
<status status="FAIL" start="2026-04-12T15:29:59.661036" elapsed="0.063053">NoSuchDriverException: Message: Unable to obtain driver for chrome; For documentation on this error, please visit: https://www.selenium.dev/documentation/webdriver/troubleshooting/errors/driver_location
</status>
</kw>
<kw name="Logout from Application" owner="Common_keyword" type="TEARDOWN">
<kw name="Click Button Element" owner="Common_keyword">
<kw name="Wait Until Element Is Enabled" owner="SeleniumLibrary">
<msg time="2026-04-12T15:29:59.732955" level="INFO">Cannot capture screenshot because no browser is open.</msg>
<msg time="2026-04-12T15:29:59.733503" level="FAIL">No browser is open.</msg>
<arg>${loc}</arg>
<arg>10</arg>
<doc>Waits until the element ``locator`` is enabled.</doc>
<status status="FAIL" start="2026-04-12T15:29:59.730524" elapsed="0.013385">No browser is open.</status>
</kw>
<kw name="Click Element" owner="SeleniumLibrary">
<msg time="2026-04-12T15:29:59.747003" level="INFO">Clicking element '//p[@class='oxd-userdropdown-name']'.</msg>
<msg time="2026-04-12T15:29:59.747891" level="INFO">Cannot capture screenshot because no browser is open.</msg>
<msg time="2026-04-12T15:29:59.748511" level="FAIL">No browser is open.</msg>
<arg>${loc}</arg>
<doc>Click the element identified by ``locator``.</doc>
<status status="FAIL" start="2026-04-12T15:29:59.745126" elapsed="0.009196">No browser is open.</status>
</kw>
<arg>${user_drpdwn_menu}</arg>
<status status="FAIL" start="2026-04-12T15:29:59.727857" elapsed="0.027296">Several failures occurred:

1) No browser is open.

2) No browser is open.</status>
</kw>
<kw name="Click Button Element" owner="Common_keyword">
<kw name="Wait Until Element Is Enabled" owner="SeleniumLibrary">
<msg time="2026-04-12T15:29:59.759842" level="INFO">Cannot capture screenshot because no browser is open.</msg>
<msg time="2026-04-12T15:29:59.760470" level="FAIL">No browser is open.</msg>
<arg>${loc}</arg>
<arg>10</arg>
<doc>Waits until the element ``locator`` is enabled.</doc>
<status status="FAIL" start="2026-04-12T15:29:59.758115" elapsed="0.020227">No browser is open.</status>
</kw>
<kw name="Click Element" owner="SeleniumLibrary">
<msg time="2026-04-12T15:29:59.780617" level="INFO">Clicking element '//button'.</msg>
<msg time="2026-04-12T15:29:59.780949" level="INFO">Cannot capture screenshot because no browser is open.</msg>
<msg time="2026-04-12T15:29:59.781533" level="FAIL">No browser is open.</msg>
<arg>${loc}</arg>
<doc>Click the element identified by ``locator``.</doc>
<status status="FAIL" start="2026-04-12T15:29:59.779324" elapsed="0.016636">No browser is open.</status>
</kw>
<arg>${login_btn}</arg>
<status status="FAIL" start="2026-04-12T15:29:59.756067" elapsed="0.040797">Several failures occurred:

1) No browser is open.

2) No browser is open.</status>
</kw>
<kw name="Close Browser" owner="SeleniumLibrary">
<doc>Closes the current browser.</doc>
<status status="PASS" start="2026-04-12T15:29:59.797841" elapsed="0.000858"/>
</kw>
<status status="FAIL" start="2026-04-12T15:29:59.725798" elapsed="0.073725">Several failures occurred:

1) No browser is open.

2) No browser is open.

3) No browser is open.

4) No browser is open.</status>
</kw>
<status status="FAIL" start="2026-04-12T15:29:59.658845" elapsed="0.141027">Setup failed:
NoSuchDriverException: Message: Unable to obtain driver for chrome; For documentation on this error, please visit: https://www.selenium.dev/documentation/webdriver/troubleshooting/errors/driver_location


Also teardown failed:
Several failures occurred:

1) No browser is open.

2) No browser is open.

3) No browser is open.

4) No browser is open.</status>
</test>
<test id="s1-s1-t4" name="Verify Admin user is present in Search Result table" line="21">
<kw name="Login to Application" owner="Common_keyword" type="SETUP">
<kw name="Open Browser" owner="SeleniumLibrary">
<msg time="2026-04-12T15:29:59.810452" level="INFO">Opening browser 'Chrome' to base url 'https://opensource-demo.orangehrmlive.com/'.</msg>
<msg time="2026-04-12T15:29:59.837488" level="INFO">Cannot capture screenshot because no browser is open.</msg>
<msg time="2026-04-12T15:29:59.838037" level="FAIL">NoSuchDriverException: Message: Unable to obtain driver for chrome; For documentation on this error, please visit: https://www.selenium.dev/documentation/webdriver/troubleshooting/errors/driver_location
</msg>
<arg>${url}</arg>
<arg>Chrome</arg>
<arg>options=binary_location=r"D:\\WebDrivers\\chrome-win64\\chrome.exe"</arg>
<doc>Opens a new browser instance to the optional ``url``.</doc>
<status status="FAIL" start="2026-04-12T15:29:59.805173" elapsed="0.050771">NoSuchDriverException: Message: Unable to obtain driver for chrome; For documentation on this error, please visit: https://www.selenium.dev/documentation/webdriver/troubleshooting/errors/driver_location
</status>
</kw>
<kw name="Maximize Browser Window" owner="SeleniumLibrary">
<doc>Maximizes current browser window.</doc>
<status status="NOT RUN" start="2026-04-12T15:29:59.857207" elapsed="0.000220"/>
</kw>
<kw name="Give Username" owner="LoginPage">
<status status="NOT RUN" start="2026-04-12T15:29:59.858108" elapsed="0.000158"/>
</kw>
<kw name="Enter password" owner="LoginPage">
<status status="NOT RUN" start="2026-04-12T15:29:59.859133" elapsed="0.000198"/>
</kw>
<kw name="Click Button Element" owner="Common_keyword">
<arg>${login_btn}</arg>
<status status="NOT RUN" start="2026-04-12T15:29:59.859990" elapsed="0.000214"/>
</kw>
<status status="FAIL" start="2026-04-12T15:29:59.803521" elapsed="0.057284">NoSuchDriverException: Message: Unable to obtain driver for chrome; For documentation on this error, please visit: https://www.selenium.dev/documentation/webdriver/troubleshooting/errors/driver_location
</status>
</kw>
<kw name="Logout from Application" owner="Common_keyword" type="TEARDOWN">
<kw name="Click Button Element" owner="Common_keyword">
<kw name="Wait Until Element Is Enabled" owner="SeleniumLibrary">
<msg time="2026-04-12T15:29:59.878469" level="INFO">Cannot capture screenshot because no browser is open.</msg>
<msg time="2026-04-12T15:29:59.879271" level="FAIL">No browser is open.</msg>
<arg>${loc}</arg>
<arg>10</arg>
<doc>Waits until the element ``locator`` is enabled.</doc>
<status status="FAIL" start="2026-04-12T15:29:59.877052" elapsed="0.017702">No browser is open.</status>
</kw>
<kw name="Click Element" owner="SeleniumLibrary">
<msg time="2026-04-12T15:29:59.897194" level="INFO">Clicking element '//p[@class='oxd-userdropdown-name']'.</msg>
<msg time="2026-04-12T15:29:59.897633" level="INFO">Cannot capture screenshot because no browser is open.</msg>
<msg time="2026-04-12T15:29:59.898112" level="FAIL">No browser is open.</msg>
<arg>${loc}</arg>
<doc>Click the element identified by ``locator``.</doc>
<status status="FAIL" start="2026-04-12T15:29:59.895797" elapsed="0.007445">No browser is open.</status>
</kw>
<arg>${user_drpdwn_menu}</arg>
<status status="FAIL" start="2026-04-12T15:29:59.875091" elapsed="0.028748">Several failures occurred:

1) No browser is open.

2) No browser is open.</status>
</kw>
<kw name="Click Button Element" owner="Common_keyword">
<kw name="Wait Until Element Is Enabled" owner="SeleniumLibrary">
<msg time="2026-04-12T15:29:59.914679" level="INFO">Cannot capture screenshot because no browser is open.</msg>
<msg time="2026-04-12T15:29:59.915296" level="FAIL">No browser is open.</msg>
<arg>${loc}</arg>
<arg>10</arg>
<doc>Waits until the element ``locator`` is enabled.</doc>
<status status="FAIL" start="2026-04-12T15:29:59.912975" elapsed="0.008438">No browser is open.</status>
</kw>
<kw name="Click Element" owner="SeleniumLibrary">
<msg time="2026-04-12T15:29:59.923238" level="INFO">Clicking element '//button'.</msg>
<msg time="2026-04-12T15:29:59.929071" level="INFO">Cannot capture screenshot because no browser is open.</msg>
<msg time="2026-04-12T15:29:59.929720" level="FAIL">No browser is open.</msg>
<arg>${loc}</arg>
<doc>Click the element identified by ``locator``.</doc>
<status status="FAIL" start="2026-04-12T15:29:59.922241" elapsed="0.013714">No browser is open.</status>
</kw>
<arg>${login_btn}</arg>
<status status="FAIL" start="2026-04-12T15:29:59.911066" elapsed="0.025773">Several failures occurred:

1) No browser is open.

2) No browser is open.</status>
</kw>
<kw name="Close Browser" owner="SeleniumLibrary">
<doc>Closes the current browser.</doc>
<status status="PASS" start="2026-04-12T15:29:59.938289" elapsed="0.002946"/>
</kw>
<status status="FAIL" start="2026-04-12T15:29:59.873049" elapsed="0.070121">Several failures occurred:

1) No browser is open.

2) No browser is open.

3) No browser is open.

4) No browser is open.</status>
</kw>
<status status="FAIL" start="2026-04-12T15:29:59.801437" elapsed="0.142516">Setup failed:
NoSuchDriverException: Message: Unable to obtain driver for chrome; For documentation on this error, please visit: https://www.selenium.dev/documentation/webdriver/troubleshooting/errors/driver_location


Also teardown failed:
Several failures occurred:

1) No browser is open.

2) No browser is open.

3) No browser is open.

4) No browser is open.</status>
</test>
<test id="s1-s1-t5" name="Find User using username and role type" line="26">
<kw name="Login to Application" owner="Common_keyword" type="SETUP">
<kw name="Open Browser" owner="SeleniumLibrary">
<msg time="2026-04-12T15:29:59.954451" level="INFO">Opening browser 'Chrome' to base url 'https://opensource-demo.orangehrmlive.com/'.</msg>
<msg time="2026-04-12T15:29:59.977860" level="INFO">Cannot capture screenshot because no browser is open.</msg>
<msg time="2026-04-12T15:29:59.978370" level="FAIL">NoSuchDriverException: Message: Unable to obtain driver for chrome; For documentation on this error, please visit: https://www.selenium.dev/documentation/webdriver/troubleshooting/errors/driver_location
</msg>
<arg>${url}</arg>
<arg>Chrome</arg>
<arg>options=binary_location=r"D:\\WebDrivers\\chrome-win64\\chrome.exe"</arg>
<doc>Opens a new browser instance to the optional ``url``.</doc>
<status status="FAIL" start="2026-04-12T15:29:59.953221" elapsed="0.035043">NoSuchDriverException: Message: Unable to obtain driver for chrome; For documentation on this error, please visit: https://www.selenium.dev/documentation/webdriver/troubleshooting/errors/driver_location
</status>
</kw>
<kw name="Maximize Browser Window" owner="SeleniumLibrary">
<doc>Maximizes current browser window.</doc>
<status status="NOT RUN" start="2026-04-12T15:29:59.989281" elapsed="0.000182"/>
</kw>
<kw name="Give Username" owner="LoginPage">
<status status="NOT RUN" start="2026-04-12T15:30:00.000543" elapsed="0.000279"/>
</kw>
<kw name="Enter password" owner="LoginPage">
<status status="NOT RUN" start="2026-04-12T15:30:00.001612" elapsed="0.000173"/>
</kw>
<kw name="Click Button Element" owner="Common_keyword">
<arg>${login_btn}</arg>
<status status="NOT RUN" start="2026-04-12T15:30:00.002645" elapsed="0.000146"/>
</kw>
<status status="FAIL" start="2026-04-12T15:29:59.951844" elapsed="0.051560">NoSuchDriverException: Message: Unable to obtain driver for chrome; For documentation on this error, please visit: https://www.selenium.dev/documentation/webdriver/troubleshooting/errors/driver_location
</status>
</kw>
<kw name="Logout from Application" owner="Common_keyword" type="TEARDOWN">
<kw name="Click Button Element" owner="Common_keyword">
<kw name="Wait Until Element Is Enabled" owner="SeleniumLibrary">
<msg time="2026-04-12T15:30:00.017427" level="INFO">Cannot capture screenshot because no browser is open.</msg>
<msg time="2026-04-12T15:30:00.018104" level="FAIL">No browser is open.</msg>
<arg>${loc}</arg>
<arg>10</arg>
<doc>Waits until the element ``locator`` is enabled.</doc>
<status status="FAIL" start="2026-04-12T15:30:00.012786" elapsed="0.020376">No browser is open.</status>
</kw>
<kw name="Click Element" owner="SeleniumLibrary">
<msg time="2026-04-12T15:30:00.035900" level="INFO">Clicking element '//p[@class='oxd-userdropdown-name']'.</msg>
<msg time="2026-04-12T15:30:00.036272" level="INFO">Cannot capture screenshot because no browser is open.</msg>
<msg time="2026-04-12T15:30:00.036696" level="FAIL">No browser is open.</msg>
<arg>${loc}</arg>
<doc>Click the element identified by ``locator``.</doc>
<status status="FAIL" start="2026-04-12T15:30:00.034327" elapsed="0.012256">No browser is open.</status>
</kw>
<arg>${user_drpdwn_menu}</arg>
<status status="FAIL" start="2026-04-12T15:30:00.006499" elapsed="0.040865">Several failures occurred:

1) No browser is open.

2) No browser is open.</status>
</kw>
<kw name="Click Button Element" owner="Common_keyword">
<kw name="Wait Until Element Is Enabled" owner="SeleniumLibrary">
<msg time="2026-04-12T15:30:00.052658" level="INFO">Cannot capture screenshot because no browser is open.</msg>
<msg time="2026-04-12T15:30:00.053486" level="FAIL">No browser is open.</msg>
<arg>${loc}</arg>
<arg>10</arg>
<doc>Waits until the element ``locator`` is enabled.</doc>
<status status="FAIL" start="2026-04-12T15:30:00.051269" elapsed="0.020973">No browser is open.</status>
</kw>
<kw name="Click Element" owner="SeleniumLibrary">
<msg time="2026-04-12T15:30:00.074673" level="INFO">Clicking element '//button'.</msg>
<msg time="2026-04-12T15:30:00.075135" level="INFO">Cannot capture screenshot because no browser is open.</msg>
<msg time="2026-04-12T15:30:00.075624" level="FAIL">No browser is open.</msg>
<arg>${loc}</arg>
<doc>Click the element identified by ``locator``.</doc>
<status status="FAIL" start="2026-04-12T15:30:00.073227" elapsed="0.016864">No browser is open.</status>
</kw>
<arg>${login_btn}</arg>
<status status="FAIL" start="2026-04-12T15:30:00.049180" elapsed="0.041957">Several failures occurred:

1) No browser is open.

2) No browser is open.</status>
</kw>
<kw name="Close Browser" owner="SeleniumLibrary">
<doc>Closes the current browser.</doc>
<status status="PASS" start="2026-04-12T15:30:00.091921" elapsed="0.000714"/>
</kw>
<status status="FAIL" start="2026-04-12T15:30:00.004991" elapsed="0.088456">Several failures occurred:

1) No browser is open.

2) No browser is open.

3) No browser is open.

4) No browser is open.</status>
</kw>
<tag>New</tag>
<status status="FAIL" start="2026-04-12T15:29:59.949620" elapsed="0.144104">Setup failed:
NoSuchDriverException: Message: Unable to obtain driver for chrome; For documentation on this error, please visit: https://www.selenium.dev/documentation/webdriver/troubleshooting/errors/driver_location


Also teardown failed:
Several failures occurred:

1) No browser is open.

2) No browser is open.

3) No browser is open.

4) No browser is open.</status>
</test>
<status status="FAIL" start="2026-04-12T15:29:57.661736" elapsed="2.434436"/>
</suite>
<status status="FAIL" start="2026-04-12T15:29:57.387583" elapsed="2.729783"/>
</suite>
<statistics>
<total>
<stat pass="0" fail="5" skip="0">All Tests</stat>
</total>
<tag>
<stat pass="0" fail="1" skip="0">debug</stat>
<stat pass="0" fail="1" skip="0">New</stat>
</tag>
<suite>
<stat name="TestCases" id="s1" pass="0" fail="5" skip="0">TestCases</stat>
<stat name="OrangeHRM Suite" id="s1-s1" pass="0" fail="5" skip="0">TestCases.OrangeHRM Suite</stat>
</suite>
</statistics>
<errors>
<msg time="2026-04-12T15:29:59.196699" level="ERROR">Error in file '/app/Resources/Utility/Common_keyword.resource' on line 2: Resource file '../Resources/Utility/Settings.resource' does not exist.</msg>
</errors>
</robot>
