<?xml version="1.0" encoding="UTF-8"?>
<robot generator="Robot 6.0.2 (Python 3.10.11 on win32)" generated="20260412 12:32:49.099" rpa="false" schemaversion="3">
<suite id="s1" name="OrangeHRM Suite" source="D:\RF_Automation\TestCases\OrangeHRM_Suite.robot">
<test id="s1-t1" name="Verify Login Page title" line="7">
<kw name="Login to Application" library="Common_keyword" type="SETUP">
<kw name="Open Browser" library="SeleniumLibrary">
<arg>${url}</arg>
<arg>Chrome</arg>
<arg>options=binary_location=r"D:\\WebDrivers\\chrome-win64\\chrome.exe"</arg>
<doc>Opens a new browser instance to the optional ``url``.</doc>
<msg timestamp="20260412 12:32:50.270" level="INFO">Opening browser 'Chrome' to base url 'https://opensource-demo.orangehrmlive.com/'.</msg>
<status status="PASS" starttime="20260412 12:32:50.267" endtime="20260412 12:32:56.107"/>
</kw>
<kw name="Maximize Browser Window" library="SeleniumLibrary">
<doc>Maximizes current browser window.</doc>
<status status="PASS" starttime="20260412 12:32:56.108" endtime="20260412 12:32:56.182"/>
</kw>
<kw name="Give Username" library="LoginPage">
<kw name="Enter Text in text field" library="Common_keyword">
<arg>${username_field}</arg>
<arg>${uname}</arg>
<kw name="Wait Until Element Is Visible" library="SeleniumLibrary">
<arg>${loc}</arg>
<arg>10</arg>
<doc>Waits until the element ``locator`` is visible.</doc>
<status status="PASS" starttime="20260412 12:32:56.185" endtime="20260412 12:32:56.802"/>
</kw>
<kw name="Input Text" library="SeleniumLibrary">
<arg>${loc}</arg>
<arg>${txt}</arg>
<doc>Types the given ``text`` into the text field identified by ``locator``.</doc>
<msg timestamp="20260412 12:32:56.805" level="INFO">Typing text 'Admin' into text field '//input[@name="username"]'.</msg>
<status status="PASS" starttime="20260412 12:32:56.803" endtime="20260412 12:32:57.122"/>
</kw>
<status status="PASS" starttime="20260412 12:32:56.184" endtime="20260412 12:32:57.122"/>
</kw>
<status status="PASS" starttime="20260412 12:32:56.182" endtime="20260412 12:32:57.123"/>
</kw>
<kw name="Enter password" library="LoginPage">
<kw name="Enter Text in text field" library="Common_keyword">
<arg>${password_field}</arg>
<arg>${pwd}</arg>
<kw name="Wait Until Element Is Visible" library="SeleniumLibrary">
<arg>${loc}</arg>
<arg>10</arg>
<doc>Waits until the element ``locator`` is visible.</doc>
<status status="PASS" starttime="20260412 12:32:57.127" endtime="20260412 12:32:57.197"/>
</kw>
<kw name="Input Text" library="SeleniumLibrary">
<arg>${loc}</arg>
<arg>${txt}</arg>
<doc>Types the given ``text`` into the text field identified by ``locator``.</doc>
<msg timestamp="20260412 12:32:57.200" level="INFO">Typing text 'admin123' into text field '//input[@name="password"]'.</msg>
<status status="PASS" starttime="20260412 12:32:57.197" endtime="20260412 12:32:57.482"/>
</kw>
<status status="PASS" starttime="20260412 12:32:57.125" endtime="20260412 12:32:57.483"/>
</kw>
<status status="PASS" starttime="20260412 12:32:57.124" endtime="20260412 12:32:57.483"/>
</kw>
<kw name="Click Button Element" library="Common_keyword">
<arg>${login_btn}</arg>
<kw name="Wait Until Element Is Enabled" library="SeleniumLibrary">
<arg>${loc}</arg>
<arg>10</arg>
<doc>Waits until the element ``locator`` is enabled.</doc>
<status status="PASS" starttime="20260412 12:32:57.486" endtime="20260412 12:32:57.577"/>
</kw>
<kw name="Click Element" library="SeleniumLibrary">
<arg>${loc}</arg>
<doc>Click the element identified by ``locator``.</doc>
<msg timestamp="20260412 12:32:57.580" level="INFO">Clicking element '//button'.</msg>
<status status="PASS" starttime="20260412 12:32:57.578" endtime="20260412 12:32:57.719"/>
</kw>
<status status="PASS" starttime="20260412 12:32:57.484" endtime="20260412 12:32:57.719"/>
</kw>
<status status="PASS" starttime="20260412 12:32:50.264" endtime="20260412 12:32:57.719"/>
</kw>
<kw name="Get Login Page Title" library="LoginPage">
<var>${actual_title}</var>
<kw name="Get Title" library="SeleniumLibrary">
<var>${title}</var>
<doc>Returns the title of the current page.</doc>
<msg timestamp="20260412 12:32:58.975" level="INFO">${title} = OrangeHRM</msg>
<status status="PASS" starttime="20260412 12:32:57.733" endtime="20260412 12:32:58.975"/>
</kw>
<return>
<value>${title}</value>
<status status="PASS" starttime="20260412 12:32:58.975" endtime="20260412 12:32:58.976"/>
</return>
<msg timestamp="20260412 12:32:58.976" level="INFO">${actual_title} = OrangeHRM</msg>
<status status="PASS" starttime="20260412 12:32:57.732" endtime="20260412 12:32:58.977"/>
</kw>
<kw name="Should Be Equal As Strings" library="BuiltIn">
<arg>${Homepage_title}</arg>
<arg>${actual_title}</arg>
<doc>Fails if objects are unequal after converting them to strings.</doc>
<status status="PASS" starttime="20260412 12:32:58.978" endtime="20260412 12:32:58.979"/>
</kw>
<kw name="Logout from Application" library="Common_keyword" type="TEARDOWN">
<kw name="Click Button Element" library="Common_keyword">
<arg>${user_drpdwn_menu}</arg>
<kw name="Wait Until Element Is Enabled" library="SeleniumLibrary">
<arg>${loc}</arg>
<arg>10</arg>
<doc>Waits until the element ``locator`` is enabled.</doc>
<status status="PASS" starttime="20260412 12:32:58.984" endtime="20260412 12:32:59.567"/>
</kw>
<kw name="Click Element" library="SeleniumLibrary">
<arg>${loc}</arg>
<doc>Click the element identified by ``locator``.</doc>
<msg timestamp="20260412 12:32:59.569" level="INFO">Clicking element '//p[@class='oxd-userdropdown-name']'.</msg>
<status status="PASS" starttime="20260412 12:32:59.567" endtime="20260412 12:32:59.699"/>
</kw>
<status status="PASS" starttime="20260412 12:32:58.982" endtime="20260412 12:32:59.700"/>
</kw>
<kw name="Click Button Element" library="Common_keyword">
<arg>${login_btn}</arg>
<kw name="Wait Until Element Is Enabled" library="SeleniumLibrary">
<arg>${loc}</arg>
<arg>10</arg>
<doc>Waits until the element ``locator`` is enabled.</doc>
<status status="PASS" starttime="20260412 12:32:59.702" endtime="20260412 12:32:59.770"/>
</kw>
<kw name="Click Element" library="SeleniumLibrary">
<arg>${loc}</arg>
<doc>Click the element identified by ``locator``.</doc>
<msg timestamp="20260412 12:32:59.773" level="INFO">Clicking element '//button'.</msg>
<status status="PASS" starttime="20260412 12:32:59.771" endtime="20260412 12:33:00.309"/>
</kw>
<status status="PASS" starttime="20260412 12:32:59.700" endtime="20260412 12:33:00.310"/>
</kw>
<kw name="Close Browser" library="SeleniumLibrary">
<doc>Closes the current browser.</doc>
<status status="PASS" starttime="20260412 12:33:00.310" endtime="20260412 12:33:03.394"/>
</kw>
<status status="PASS" starttime="20260412 12:32:58.981" endtime="20260412 12:33:03.395"/>
</kw>
<tag>debug</tag>
<status status="PASS" starttime="20260412 12:32:50.261" endtime="20260412 12:33:03.396"/>
</test>
<test id="s1-t2" name="Verify_Succesfull_Login" line="12">
<kw name="Login to Application" library="Common_keyword" type="SETUP">
<kw name="Open Browser" library="SeleniumLibrary">
<arg>${url}</arg>
<arg>Chrome</arg>
<arg>options=binary_location=r"D:\\WebDrivers\\chrome-win64\\chrome.exe"</arg>
<doc>Opens a new browser instance to the optional ``url``.</doc>
<msg timestamp="20260412 12:33:03.405" level="INFO">Opening browser 'Chrome' to base url 'https://opensource-demo.orangehrmlive.com/'.</msg>
<status status="PASS" starttime="20260412 12:33:03.402" endtime="20260412 12:33:08.418"/>
</kw>
<kw name="Maximize Browser Window" library="SeleniumLibrary">
<doc>Maximizes current browser window.</doc>
<status status="PASS" starttime="20260412 12:33:08.418" endtime="20260412 12:33:08.480"/>
</kw>
<kw name="Give Username" library="LoginPage">
<kw name="Enter Text in text field" library="Common_keyword">
<arg>${username_field}</arg>
<arg>${uname}</arg>
<kw name="Wait Until Element Is Visible" library="SeleniumLibrary">
<arg>${loc}</arg>
<arg>10</arg>
<doc>Waits until the element ``locator`` is visible.</doc>
<status status="PASS" starttime="20260412 12:33:08.487" endtime="20260412 12:33:09.141"/>
</kw>
<kw name="Input Text" library="SeleniumLibrary">
<arg>${loc}</arg>
<arg>${txt}</arg>
<doc>Types the given ``text`` into the text field identified by ``locator``.</doc>
<msg timestamp="20260412 12:33:09.144" level="INFO">Typing text 'Admin' into text field '//input[@name="username"]'.</msg>
<status status="PASS" starttime="20260412 12:33:09.142" endtime="20260412 12:33:09.437"/>
</kw>
<status status="PASS" starttime="20260412 12:33:08.484" endtime="20260412 12:33:09.438"/>
</kw>
<status status="PASS" starttime="20260412 12:33:08.482" endtime="20260412 12:33:09.438"/>
</kw>
<kw name="Enter password" library="LoginPage">
<kw name="Enter Text in text field" library="Common_keyword">
<arg>${password_field}</arg>
<arg>${pwd}</arg>
<kw name="Wait Until Element Is Visible" library="SeleniumLibrary">
<arg>${loc}</arg>
<arg>10</arg>
<doc>Waits until the element ``locator`` is visible.</doc>
<status status="PASS" starttime="20260412 12:33:09.441" endtime="20260412 12:33:09.513"/>
</kw>
<kw name="Input Text" library="SeleniumLibrary">
<arg>${loc}</arg>
<arg>${txt}</arg>
<doc>Types the given ``text`` into the text field identified by ``locator``.</doc>
<msg timestamp="20260412 12:33:09.515" level="INFO">Typing text 'admin123' into text field '//input[@name="password"]'.</msg>
<status status="PASS" starttime="20260412 12:33:09.513" endtime="20260412 12:33:09.770"/>
</kw>
<status status="PASS" starttime="20260412 12:33:09.439" endtime="20260412 12:33:09.771"/>
</kw>
<status status="PASS" starttime="20260412 12:33:09.439" endtime="20260412 12:33:09.772"/>
</kw>
<kw name="Click Button Element" library="Common_keyword">
<arg>${login_btn}</arg>
<kw name="Wait Until Element Is Enabled" library="SeleniumLibrary">
<arg>${loc}</arg>
<arg>10</arg>
<doc>Waits until the element ``locator`` is enabled.</doc>
<status status="PASS" starttime="20260412 12:33:09.774" endtime="20260412 12:33:09.863"/>
</kw>
<kw name="Click Element" library="SeleniumLibrary">
<arg>${loc}</arg>
<doc>Click the element identified by ``locator``.</doc>
<msg timestamp="20260412 12:33:09.866" level="INFO">Clicking element '//button'.</msg>
<status status="PASS" starttime="20260412 12:33:09.864" endtime="20260412 12:33:11.331"/>
</kw>
<status status="PASS" starttime="20260412 12:33:09.772" endtime="20260412 12:33:11.331"/>
</kw>
<status status="PASS" starttime="20260412 12:33:03.400" endtime="20260412 12:33:11.332"/>
</kw>
<kw name="Wait Until Page Contains" library="SeleniumLibrary">
<arg>Dashboard</arg>
<doc>Waits until ``text`` appears on the current page.</doc>
<status status="PASS" starttime="20260412 12:33:11.333" endtime="20260412 12:33:11.905"/>
</kw>
<kw name="Capture Element Screenshot" library="SeleniumLibrary">
<arg>${Dashboard_text_element}</arg>
<doc>Captures a screenshot from the element identified by ``locator`` and embeds it into log file.</doc>
<msg timestamp="20260412 12:33:12.747" level="INFO" html="true">&lt;/td&gt;&lt;/tr&gt;&lt;tr&gt;&lt;td colspan="3"&gt;&lt;a href="selenium-element-screenshot-1.png"&gt;&lt;img src="selenium-element-screenshot-1.png" width="400px"&gt;&lt;/a&gt;</msg>
<status status="PASS" starttime="20260412 12:33:11.906" endtime="20260412 12:33:12.748"/>
</kw>
<kw name="Logout from Application" library="Common_keyword" type="TEARDOWN">
<kw name="Click Button Element" library="Common_keyword">
<arg>${user_drpdwn_menu}</arg>
<kw name="Wait Until Element Is Enabled" library="SeleniumLibrary">
<arg>${loc}</arg>
<arg>10</arg>
<doc>Waits until the element ``locator`` is enabled.</doc>
<status status="PASS" starttime="20260412 12:33:12.752" endtime="20260412 12:33:12.851"/>
</kw>
<kw name="Click Element" library="SeleniumLibrary">
<arg>${loc}</arg>
<doc>Click the element identified by ``locator``.</doc>
<msg timestamp="20260412 12:33:12.854" level="INFO">Clicking element '//p[@class='oxd-userdropdown-name']'.</msg>
<status status="PASS" starttime="20260412 12:33:12.852" endtime="20260412 12:33:12.973"/>
</kw>
<status status="PASS" starttime="20260412 12:33:12.751" endtime="20260412 12:33:12.973"/>
</kw>
<kw name="Click Button Element" library="Common_keyword">
<arg>${login_btn}</arg>
<kw name="Wait Until Element Is Enabled" library="SeleniumLibrary">
<arg>${loc}</arg>
<arg>10</arg>
<doc>Waits until the element ``locator`` is enabled.</doc>
<status status="PASS" starttime="20260412 12:33:12.975" endtime="20260412 12:33:13.047"/>
</kw>
<kw name="Click Element" library="SeleniumLibrary">
<arg>${loc}</arg>
<doc>Click the element identified by ``locator``.</doc>
<msg timestamp="20260412 12:33:13.050" level="INFO">Clicking element '//button'.</msg>
<status status="PASS" starttime="20260412 12:33:13.048" endtime="20260412 12:33:13.215"/>
</kw>
<status status="PASS" starttime="20260412 12:33:12.974" endtime="20260412 12:33:13.215"/>
</kw>
<kw name="Close Browser" library="SeleniumLibrary">
<doc>Closes the current browser.</doc>
<status status="PASS" starttime="20260412 12:33:13.216" endtime="20260412 12:33:17.632"/>
</kw>
<status status="PASS" starttime="20260412 12:33:12.750" endtime="20260412 12:33:17.633"/>
</kw>
<status status="PASS" starttime="20260412 12:33:03.398" endtime="20260412 12:33:17.634"/>
</test>
<test id="s1-t3" name="Verify Admin text on Admin page" line="16">
<kw name="Login to Application" library="Common_keyword" type="SETUP">
<kw name="Open Browser" library="SeleniumLibrary">
<arg>${url}</arg>
<arg>Chrome</arg>
<arg>options=binary_location=r"D:\\WebDrivers\\chrome-win64\\chrome.exe"</arg>
<doc>Opens a new browser instance to the optional ``url``.</doc>
<msg timestamp="20260412 12:33:17.643" level="INFO">Opening browser 'Chrome' to base url 'https://opensource-demo.orangehrmlive.com/'.</msg>
<status status="PASS" starttime="20260412 12:33:17.640" endtime="20260412 12:33:22.826"/>
</kw>
<kw name="Maximize Browser Window" library="SeleniumLibrary">
<doc>Maximizes current browser window.</doc>
<status status="PASS" starttime="20260412 12:33:22.827" endtime="20260412 12:33:22.907"/>
</kw>
<kw name="Give Username" library="LoginPage">
<kw name="Enter Text in text field" library="Common_keyword">
<arg>${username_field}</arg>
<arg>${uname}</arg>
<kw name="Wait Until Element Is Visible" library="SeleniumLibrary">
<arg>${loc}</arg>
<arg>10</arg>
<doc>Waits until the element ``locator`` is visible.</doc>
<status status="PASS" starttime="20260412 12:33:22.910" endtime="20260412 12:33:23.537"/>
</kw>
<kw name="Input Text" library="SeleniumLibrary">
<arg>${loc}</arg>
<arg>${txt}</arg>
<doc>Types the given ``text`` into the text field identified by ``locator``.</doc>
<msg timestamp="20260412 12:33:23.539" level="INFO">Typing text 'Admin' into text field '//input[@name="username"]'.</msg>
<status status="PASS" starttime="20260412 12:33:23.537" endtime="20260412 12:33:23.861"/>
</kw>
<status status="PASS" starttime="20260412 12:33:22.908" endtime="20260412 12:33:23.861"/>
</kw>
<status status="PASS" starttime="20260412 12:33:22.907" endtime="20260412 12:33:23.862"/>
</kw>
<kw name="Enter password" library="LoginPage">
<kw name="Enter Text in text field" library="Common_keyword">
<arg>${password_field}</arg>
<arg>${pwd}</arg>
<kw name="Wait Until Element Is Visible" library="SeleniumLibrary">
<arg>${loc}</arg>
<arg>10</arg>
<doc>Waits until the element ``locator`` is visible.</doc>
<status status="PASS" starttime="20260412 12:33:23.865" endtime="20260412 12:33:23.936"/>
</kw>
<kw name="Input Text" library="SeleniumLibrary">
<arg>${loc}</arg>
<arg>${txt}</arg>
<doc>Types the given ``text`` into the text field identified by ``locator``.</doc>
<msg timestamp="20260412 12:33:23.939" level="INFO">Typing text 'admin123' into text field '//input[@name="password"]'.</msg>
<status status="PASS" starttime="20260412 12:33:23.937" endtime="20260412 12:33:24.206"/>
</kw>
<status status="PASS" starttime="20260412 12:33:23.863" endtime="20260412 12:33:24.206"/>
</kw>
<status status="PASS" starttime="20260412 12:33:23.862" endtime="20260412 12:33:24.206"/>
</kw>
<kw name="Click Button Element" library="Common_keyword">
<arg>${login_btn}</arg>
<kw name="Wait Until Element Is Enabled" library="SeleniumLibrary">
<arg>${loc}</arg>
<arg>10</arg>
<doc>Waits until the element ``locator`` is enabled.</doc>
<status status="PASS" starttime="20260412 12:33:24.208" endtime="20260412 12:33:24.297"/>
</kw>
<kw name="Click Element" library="SeleniumLibrary">
<arg>${loc}</arg>
<doc>Click the element identified by ``locator``.</doc>
<msg timestamp="20260412 12:33:24.300" level="INFO">Clicking element '//button'.</msg>
<status status="PASS" starttime="20260412 12:33:24.298" endtime="20260412 12:33:24.446"/>
</kw>
<status status="PASS" starttime="20260412 12:33:24.207" endtime="20260412 12:33:24.447"/>
</kw>
<status status="PASS" starttime="20260412 12:33:17.639" endtime="20260412 12:33:24.447"/>
</kw>
<kw name="Wait Until Page Contains" library="SeleniumLibrary">
<arg>Dashboard</arg>
<arg>timeout=10</arg>
<doc>Waits until ``text`` appears on the current page.</doc>
<status status="PASS" starttime="20260412 12:33:24.461" endtime="20260412 12:33:26.157"/>
</kw>
<kw name="Click Button Element" library="Common_keyword">
<arg>${Admin_locator}</arg>
<kw name="Wait Until Element Is Enabled" library="SeleniumLibrary">
<arg>${loc}</arg>
<arg>10</arg>
<doc>Waits until the element ``locator`` is enabled.</doc>
<status status="PASS" starttime="20260412 12:33:26.160" endtime="20260412 12:33:26.244"/>
</kw>
<kw name="Click Element" library="SeleniumLibrary">
<arg>${loc}</arg>
<doc>Click the element identified by ``locator``.</doc>
<msg timestamp="20260412 12:33:26.247" level="INFO">Clicking element '//a/span[text()='Admin']'.</msg>
<status status="PASS" starttime="20260412 12:33:26.245" endtime="20260412 12:33:27.345"/>
</kw>
<status status="PASS" starttime="20260412 12:33:26.158" endtime="20260412 12:33:27.346"/>
</kw>
<kw name="Verify Admin Page details" library="AdminPage">
<kw name="Wait Until Page Contains" library="SeleniumLibrary">
<arg>Admin</arg>
<doc>Waits until ``text`` appears on the current page.</doc>
<status status="PASS" starttime="20260412 12:33:27.348" endtime="20260412 12:33:27.909"/>
</kw>
<kw name="Wait Until Page Contains" library="SeleniumLibrary">
<arg>User Management</arg>
<doc>Waits until ``text`` appears on the current page.</doc>
<status status="PASS" starttime="20260412 12:33:27.910" endtime="20260412 12:33:27.954"/>
</kw>
<status status="PASS" starttime="20260412 12:33:27.347" endtime="20260412 12:33:27.955"/>
</kw>
<kw name="Logout from Application" library="Common_keyword" type="TEARDOWN">
<kw name="Click Button Element" library="Common_keyword">
<arg>${user_drpdwn_menu}</arg>
<kw name="Wait Until Element Is Enabled" library="SeleniumLibrary">
<arg>${loc}</arg>
<arg>10</arg>
<doc>Waits until the element ``locator`` is enabled.</doc>
<status status="PASS" starttime="20260412 12:33:27.958" endtime="20260412 12:33:28.042"/>
</kw>
<kw name="Click Element" library="SeleniumLibrary">
<arg>${loc}</arg>
<doc>Click the element identified by ``locator``.</doc>
<msg timestamp="20260412 12:33:28.044" level="INFO">Clicking element '//p[@class='oxd-userdropdown-name']'.</msg>
<status status="PASS" starttime="20260412 12:33:28.042" endtime="20260412 12:33:28.357"/>
</kw>
<status status="PASS" starttime="20260412 12:33:27.957" endtime="20260412 12:33:28.357"/>
</kw>
<kw name="Click Button Element" library="Common_keyword">
<arg>${login_btn}</arg>
<kw name="Wait Until Element Is Enabled" library="SeleniumLibrary">
<arg>${loc}</arg>
<arg>10</arg>
<doc>Waits until the element ``locator`` is enabled.</doc>
<status status="PASS" starttime="20260412 12:33:28.359" endtime="20260412 12:33:28.445"/>
</kw>
<kw name="Click Element" library="SeleniumLibrary">
<arg>${loc}</arg>
<doc>Click the element identified by ``locator``.</doc>
<msg timestamp="20260412 12:33:28.448" level="INFO">Clicking element '//button'.</msg>
<status status="PASS" starttime="20260412 12:33:28.445" endtime="20260412 12:33:28.617"/>
</kw>
<status status="PASS" starttime="20260412 12:33:28.358" endtime="20260412 12:33:28.618"/>
</kw>
<kw name="Close Browser" library="SeleniumLibrary">
<doc>Closes the current browser.</doc>
<status status="PASS" starttime="20260412 12:33:28.618" endtime="20260412 12:33:33.130"/>
</kw>
<status status="PASS" starttime="20260412 12:33:27.956" endtime="20260412 12:33:33.130"/>
</kw>
<status status="PASS" starttime="20260412 12:33:17.637" endtime="20260412 12:33:33.131"/>
</test>
<test id="s1-t4" name="Verify Admin user is present in Search Result table" line="21">
<kw name="Login to Application" library="Common_keyword" type="SETUP">
<kw name="Open Browser" library="SeleniumLibrary">
<arg>${url}</arg>
<arg>Chrome</arg>
<arg>options=binary_location=r"D:\\WebDrivers\\chrome-win64\\chrome.exe"</arg>
<doc>Opens a new browser instance to the optional ``url``.</doc>
<msg timestamp="20260412 12:33:33.140" level="INFO">Opening browser 'Chrome' to base url 'https://opensource-demo.orangehrmlive.com/'.</msg>
<status status="PASS" starttime="20260412 12:33:33.137" endtime="20260412 12:33:38.558"/>
</kw>
<kw name="Maximize Browser Window" library="SeleniumLibrary">
<doc>Maximizes current browser window.</doc>
<status status="PASS" starttime="20260412 12:33:38.558" endtime="20260412 12:33:38.626"/>
</kw>
<kw name="Give Username" library="LoginPage">
<kw name="Enter Text in text field" library="Common_keyword">
<arg>${username_field}</arg>
<arg>${uname}</arg>
<kw name="Wait Until Element Is Visible" library="SeleniumLibrary">
<arg>${loc}</arg>
<arg>10</arg>
<doc>Waits until the element ``locator`` is visible.</doc>
<status status="PASS" starttime="20260412 12:33:38.629" endtime="20260412 12:33:39.296"/>
</kw>
<kw name="Input Text" library="SeleniumLibrary">
<arg>${loc}</arg>
<arg>${txt}</arg>
<doc>Types the given ``text`` into the text field identified by ``locator``.</doc>
<msg timestamp="20260412 12:33:39.299" level="INFO">Typing text 'Admin' into text field '//input[@name="username"]'.</msg>
<status status="PASS" starttime="20260412 12:33:39.297" endtime="20260412 12:33:39.602"/>
</kw>
<status status="PASS" starttime="20260412 12:33:38.627" endtime="20260412 12:33:39.603"/>
</kw>
<status status="PASS" starttime="20260412 12:33:38.626" endtime="20260412 12:33:39.603"/>
</kw>
<kw name="Enter password" library="LoginPage">
<kw name="Enter Text in text field" library="Common_keyword">
<arg>${password_field}</arg>
<arg>${pwd}</arg>
<kw name="Wait Until Element Is Visible" library="SeleniumLibrary">
<arg>${loc}</arg>
<arg>10</arg>
<doc>Waits until the element ``locator`` is visible.</doc>
<status status="PASS" starttime="20260412 12:33:39.606" endtime="20260412 12:33:39.682"/>
</kw>
<kw name="Input Text" library="SeleniumLibrary">
<arg>${loc}</arg>
<arg>${txt}</arg>
<doc>Types the given ``text`` into the text field identified by ``locator``.</doc>
<msg timestamp="20260412 12:33:39.685" level="INFO">Typing text 'admin123' into text field '//input[@name="password"]'.</msg>
<status status="PASS" starttime="20260412 12:33:39.683" endtime="20260412 12:33:39.966"/>
</kw>
<status status="PASS" starttime="20260412 12:33:39.605" endtime="20260412 12:33:39.967"/>
</kw>
<status status="PASS" starttime="20260412 12:33:39.604" endtime="20260412 12:33:39.968"/>
</kw>
<kw name="Click Button Element" library="Common_keyword">
<arg>${login_btn}</arg>
<kw name="Wait Until Element Is Enabled" library="SeleniumLibrary">
<arg>${loc}</arg>
<arg>10</arg>
<doc>Waits until the element ``locator`` is enabled.</doc>
<status status="PASS" starttime="20260412 12:33:39.971" endtime="20260412 12:33:40.082"/>
</kw>
<kw name="Click Element" library="SeleniumLibrary">
<arg>${loc}</arg>
<doc>Click the element identified by ``locator``.</doc>
<msg timestamp="20260412 12:33:40.085" level="INFO">Clicking element '//button'.</msg>
<status status="PASS" starttime="20260412 12:33:40.082" endtime="20260412 12:33:40.233"/>
</kw>
<status status="PASS" starttime="20260412 12:33:39.969" endtime="20260412 12:33:40.233"/>
</kw>
<status status="PASS" starttime="20260412 12:33:33.135" endtime="20260412 12:33:40.234"/>
</kw>
<kw name="Click Button Element" library="Common_keyword">
<arg>${Admin_locator}</arg>
<kw name="Wait Until Element Is Enabled" library="SeleniumLibrary">
<arg>${loc}</arg>
<arg>10</arg>
<doc>Waits until the element ``locator`` is enabled.</doc>
<status status="PASS" starttime="20260412 12:33:40.236" endtime="20260412 12:33:42.048"/>
</kw>
<kw name="Click Element" library="SeleniumLibrary">
<arg>${loc}</arg>
<doc>Click the element identified by ``locator``.</doc>
<msg timestamp="20260412 12:33:42.051" level="INFO">Clicking element '//a/span[text()='Admin']'.</msg>
<status status="PASS" starttime="20260412 12:33:42.048" endtime="20260412 12:33:43.208"/>
</kw>
<status status="PASS" starttime="20260412 12:33:40.235" endtime="20260412 12:33:43.209"/>
</kw>
<kw name="Verify Admin Page details" library="AdminPage">
<kw name="Wait Until Page Contains" library="SeleniumLibrary">
<arg>Admin</arg>
<doc>Waits until ``text`` appears on the current page.</doc>
<status status="PASS" starttime="20260412 12:33:43.211" endtime="20260412 12:33:43.779"/>
</kw>
<kw name="Wait Until Page Contains" library="SeleniumLibrary">
<arg>User Management</arg>
<doc>Waits until ``text`` appears on the current page.</doc>
<status status="PASS" starttime="20260412 12:33:43.779" endtime="20260412 12:33:43.827"/>
</kw>
<status status="PASS" starttime="20260412 12:33:43.210" endtime="20260412 12:33:43.828"/>
</kw>
<kw name="Verify admin user presense by search method" library="AdminPage">
<kw name="Enter Text in text field" library="Common_keyword">
<arg>${System_user_username_field}</arg>
<arg>Admin</arg>
<kw name="Wait Until Element Is Visible" library="SeleniumLibrary">
<arg>${loc}</arg>
<arg>10</arg>
<doc>Waits until the element ``locator`` is visible.</doc>
<status status="PASS" starttime="20260412 12:33:43.832" endtime="20260412 12:33:43.900"/>
</kw>
<kw name="Input Text" library="SeleniumLibrary">
<arg>${loc}</arg>
<arg>${txt}</arg>
<doc>Types the given ``text`` into the text field identified by ``locator``.</doc>
<msg timestamp="20260412 12:33:43.903" level="INFO">Typing text 'Admin' into text field '//form[@class="oxd-form"]//input[@class="oxd-input oxd-input--active"]'.</msg>
<status status="PASS" starttime="20260412 12:33:43.900" endtime="20260412 12:33:44.328"/>
</kw>
<status status="PASS" starttime="20260412 12:33:43.830" endtime="20260412 12:33:44.328"/>
</kw>
<kw name="Click Button Element" library="Common_keyword">
<arg>${Staus_drop_down}</arg>
<kw name="Wait Until Element Is Enabled" library="SeleniumLibrary">
<arg>${loc}</arg>
<arg>10</arg>
<doc>Waits until the element ``locator`` is enabled.</doc>
<status status="PASS" starttime="20260412 12:33:44.331" endtime="20260412 12:33:44.434"/>
</kw>
<kw name="Click Element" library="SeleniumLibrary">
<arg>${loc}</arg>
<doc>Click the element identified by ``locator``.</doc>
<msg timestamp="20260412 12:33:44.437" level="INFO">Clicking element '//label[text()='Status']/following::div[@class="oxd-select-text--after"]'.</msg>
<status status="PASS" starttime="20260412 12:33:44.435" endtime="20260412 12:33:44.575"/>
</kw>
<status status="PASS" starttime="20260412 12:33:44.329" endtime="20260412 12:33:44.577"/>
</kw>
<kw name="Click Button Element" library="Common_keyword">
<arg>${enable_value_drpdwn}</arg>
<kw name="Wait Until Element Is Enabled" library="SeleniumLibrary">
<arg>${loc}</arg>
<arg>10</arg>
<doc>Waits until the element ``locator`` is enabled.</doc>
<status status="PASS" starttime="20260412 12:33:44.579" endtime="20260412 12:33:44.663"/>
</kw>
<kw name="Click Element" library="SeleniumLibrary">
<arg>${loc}</arg>
<doc>Click the element identified by ``locator``.</doc>
<msg timestamp="20260412 12:33:44.666" level="INFO">Clicking element '//span[text()="Enabled"]'.</msg>
<status status="PASS" starttime="20260412 12:33:44.664" endtime="20260412 12:33:44.800"/>
</kw>
<status status="PASS" starttime="20260412 12:33:44.577" endtime="20260412 12:33:44.801"/>
</kw>
<kw name="Click Button Element" library="Common_keyword">
<arg>${search_btn}</arg>
<kw name="Wait Until Element Is Enabled" library="SeleniumLibrary">
<arg>${loc}</arg>
<arg>10</arg>
<doc>Waits until the element ``locator`` is enabled.</doc>
<status status="PASS" starttime="20260412 12:33:44.803" endtime="20260412 12:33:44.893"/>
</kw>
<kw name="Click Element" library="SeleniumLibrary">
<arg>${loc}</arg>
<doc>Click the element identified by ``locator``.</doc>
<msg timestamp="20260412 12:33:44.896" level="INFO">Clicking element '//button[text()=" Search "]'.</msg>
<status status="PASS" starttime="20260412 12:33:44.894" endtime="20260412 12:33:45.047"/>
</kw>
<status status="PASS" starttime="20260412 12:33:44.801" endtime="20260412 12:33:45.048"/>
</kw>
<for flavor="IN">
<var>${x}</var>
<value>@{table_headers}</value>
<iter>
<var name="${x}">Username</var>
<kw name="Wait Until Element Is Visible" library="SeleniumLibrary">
<arg>//div[@class='oxd-table-body']/div/div/div[count(//div[@class="oxd-table-header"]/div/div[text()='${x}']/preceding-sibling::div)+1]</arg>
<doc>Waits until the element ``locator`` is visible.</doc>
<status status="PASS" starttime="20260412 12:33:45.049" endtime="20260412 12:33:45.600"/>
</kw>
<kw name="Get Text" library="SeleniumLibrary">
<var>${extracted_val}</var>
<arg>//div[@class='oxd-table-body']/div/div/div[count(//div[@class="oxd-table-header"]/div/div[text()='${x}']/preceding-sibling::div)+1]</arg>
<doc>Returns the text value of the element identified by ``locator``.</doc>
<msg timestamp="20260412 12:33:45.672" level="INFO">${extracted_val} = Admin</msg>
<status status="PASS" starttime="20260412 12:33:45.601" endtime="20260412 12:33:45.672"/>
</kw>
<kw name="Log" library="BuiltIn">
<arg>${extracted_val}</arg>
<doc>Logs the given message with the given level.</doc>
<msg timestamp="20260412 12:33:45.675" level="INFO">Admin</msg>
<status status="PASS" starttime="20260412 12:33:45.674" endtime="20260412 12:33:45.675"/>
</kw>
<status status="PASS" starttime="20260412 12:33:45.049" endtime="20260412 12:33:45.675"/>
</iter>
<iter>
<var name="${x}">User Role</var>
<kw name="Wait Until Element Is Visible" library="SeleniumLibrary">
<arg>//div[@class='oxd-table-body']/div/div/div[count(//div[@class="oxd-table-header"]/div/div[text()='${x}']/preceding-sibling::div)+1]</arg>
<doc>Waits until the element ``locator`` is visible.</doc>
<status status="PASS" starttime="20260412 12:33:45.676" endtime="20260412 12:33:45.741"/>
</kw>
<kw name="Get Text" library="SeleniumLibrary">
<var>${extracted_val}</var>
<arg>//div[@class='oxd-table-body']/div/div/div[count(//div[@class="oxd-table-header"]/div/div[text()='${x}']/preceding-sibling::div)+1]</arg>
<doc>Returns the text value of the element identified by ``locator``.</doc>
<msg timestamp="20260412 12:33:45.795" level="INFO">${extracted_val} = Admin</msg>
<status status="PASS" starttime="20260412 12:33:45.742" endtime="20260412 12:33:45.795"/>
</kw>
<kw name="Log" library="BuiltIn">
<arg>${extracted_val}</arg>
<doc>Logs the given message with the given level.</doc>
<msg timestamp="20260412 12:33:45.797" level="INFO">Admin</msg>
<status status="PASS" starttime="20260412 12:33:45.796" endtime="20260412 12:33:45.797"/>
</kw>
<status status="PASS" starttime="20260412 12:33:45.676" endtime="20260412 12:33:45.797"/>
</iter>
<iter>
<var name="${x}">Employee Name</var>
<kw name="Wait Until Element Is Visible" library="SeleniumLibrary">
<arg>//div[@class='oxd-table-body']/div/div/div[count(//div[@class="oxd-table-header"]/div/div[text()='${x}']/preceding-sibling::div)+1]</arg>
<doc>Waits until the element ``locator`` is visible.</doc>
<status status="PASS" starttime="20260412 12:33:45.798" endtime="20260412 12:33:45.863"/>
</kw>
<kw name="Get Text" library="SeleniumLibrary">
<var>${extracted_val}</var>
<arg>//div[@class='oxd-table-body']/div/div/div[count(//div[@class="oxd-table-header"]/div/div[text()='${x}']/preceding-sibling::div)+1]</arg>
<doc>Returns the text value of the element identified by ``locator``.</doc>
<msg timestamp="20260412 12:33:45.917" level="INFO">${extracted_val} = Chanda Childu</msg>
<status status="PASS" starttime="20260412 12:33:45.864" endtime="20260412 12:33:45.917"/>
</kw>
<kw name="Log" library="BuiltIn">
<arg>${extracted_val}</arg>
<doc>Logs the given message with the given level.</doc>
<msg timestamp="20260412 12:33:45.919" level="INFO">Chanda Childu</msg>
<status status="PASS" starttime="20260412 12:33:45.918" endtime="20260412 12:33:45.919"/>
</kw>
<status status="PASS" starttime="20260412 12:33:45.798" endtime="20260412 12:33:45.919"/>
</iter>
<iter>
<var name="${x}">Status</var>
<kw name="Wait Until Element Is Visible" library="SeleniumLibrary">
<arg>//div[@class='oxd-table-body']/div/div/div[count(//div[@class="oxd-table-header"]/div/div[text()='${x}']/preceding-sibling::div)+1]</arg>
<doc>Waits until the element ``locator`` is visible.</doc>
<status status="PASS" starttime="20260412 12:33:45.920" endtime="20260412 12:33:45.985"/>
</kw>
<kw name="Get Text" library="SeleniumLibrary">
<var>${extracted_val}</var>
<arg>//div[@class='oxd-table-body']/div/div/div[count(//div[@class="oxd-table-header"]/div/div[text()='${x}']/preceding-sibling::div)+1]</arg>
<doc>Returns the text value of the element identified by ``locator``.</doc>
<msg timestamp="20260412 12:33:46.039" level="INFO">${extracted_val} = Enabled</msg>
<status status="PASS" starttime="20260412 12:33:45.986" endtime="20260412 12:33:46.040"/>
</kw>
<kw name="Log" library="BuiltIn">
<arg>${extracted_val}</arg>
<doc>Logs the given message with the given level.</doc>
<msg timestamp="20260412 12:33:46.041" level="INFO">Enabled</msg>
<status status="PASS" starttime="20260412 12:33:46.040" endtime="20260412 12:33:46.041"/>
</kw>
<status status="PASS" starttime="20260412 12:33:45.920" endtime="20260412 12:33:46.041"/>
</iter>
<status status="PASS" starttime="20260412 12:33:45.048" endtime="20260412 12:33:46.041"/>
</for>
<status status="PASS" starttime="20260412 12:33:43.829" endtime="20260412 12:33:46.042"/>
</kw>
<kw name="Logout from Application" library="Common_keyword" type="TEARDOWN">
<kw name="Click Button Element" library="Common_keyword">
<arg>${user_drpdwn_menu}</arg>
<kw name="Wait Until Element Is Enabled" library="SeleniumLibrary">
<arg>${loc}</arg>
<arg>10</arg>
<doc>Waits until the element ``locator`` is enabled.</doc>
<status status="PASS" starttime="20260412 12:33:46.047" endtime="20260412 12:33:46.132"/>
</kw>
<kw name="Click Element" library="SeleniumLibrary">
<arg>${loc}</arg>
<doc>Click the element identified by ``locator``.</doc>
<msg timestamp="20260412 12:33:46.135" level="INFO">Clicking element '//p[@class='oxd-userdropdown-name']'.</msg>
<status status="PASS" starttime="20260412 12:33:46.133" endtime="20260412 12:33:46.282"/>
</kw>
<status status="PASS" starttime="20260412 12:33:46.045" endtime="20260412 12:33:46.283"/>
</kw>
<kw name="Click Button Element" library="Common_keyword">
<arg>${login_btn}</arg>
<kw name="Wait Until Element Is Enabled" library="SeleniumLibrary">
<arg>${loc}</arg>
<arg>10</arg>
<doc>Waits until the element ``locator`` is enabled.</doc>
<status status="PASS" starttime="20260412 12:33:46.285" endtime="20260412 12:33:46.360"/>
</kw>
<kw name="Click Element" library="SeleniumLibrary">
<arg>${loc}</arg>
<doc>Click the element identified by ``locator``.</doc>
<msg timestamp="20260412 12:33:46.362" level="INFO">Clicking element '//button'.</msg>
<status status="PASS" starttime="20260412 12:33:46.360" endtime="20260412 12:33:46.538"/>
</kw>
<status status="PASS" starttime="20260412 12:33:46.283" endtime="20260412 12:33:46.539"/>
</kw>
<kw name="Close Browser" library="SeleniumLibrary">
<doc>Closes the current browser.</doc>
<status status="PASS" starttime="20260412 12:33:46.540" endtime="20260412 12:33:51.021"/>
</kw>
<status status="PASS" starttime="20260412 12:33:46.044" endtime="20260412 12:33:51.021"/>
</kw>
<status status="PASS" starttime="20260412 12:33:33.133" endtime="20260412 12:33:51.022"/>
</test>
<test id="s1-t5" name="Find User using username and role type" line="26">
<kw name="Login to Application" library="Common_keyword" type="SETUP">
<kw name="Open Browser" library="SeleniumLibrary">
<arg>${url}</arg>
<arg>Chrome</arg>
<arg>options=binary_location=r"D:\\WebDrivers\\chrome-win64\\chrome.exe"</arg>
<doc>Opens a new browser instance to the optional ``url``.</doc>
<msg timestamp="20260412 12:33:51.032" level="INFO">Opening browser 'Chrome' to base url 'https://opensource-demo.orangehrmlive.com/'.</msg>
<status status="PASS" starttime="20260412 12:33:51.029" endtime="20260412 12:33:56.692"/>
</kw>
<kw name="Maximize Browser Window" library="SeleniumLibrary">
<doc>Maximizes current browser window.</doc>
<status status="PASS" starttime="20260412 12:33:56.693" endtime="20260412 12:33:56.765"/>
</kw>
<kw name="Give Username" library="LoginPage">
<kw name="Enter Text in text field" library="Common_keyword">
<arg>${username_field}</arg>
<arg>${uname}</arg>
<kw name="Wait Until Element Is Visible" library="SeleniumLibrary">
<arg>${loc}</arg>
<arg>10</arg>
<doc>Waits until the element ``locator`` is visible.</doc>
<status status="PASS" starttime="20260412 12:33:56.769" endtime="20260412 12:33:57.451"/>
</kw>
<kw name="Input Text" library="SeleniumLibrary">
<arg>${loc}</arg>
<arg>${txt}</arg>
<doc>Types the given ``text`` into the text field identified by ``locator``.</doc>
<msg timestamp="20260412 12:33:57.453" level="INFO">Typing text 'Admin' into text field '//input[@name="username"]'.</msg>
<status status="PASS" starttime="20260412 12:33:57.451" endtime="20260412 12:33:57.716"/>
</kw>
<status status="PASS" starttime="20260412 12:33:56.767" endtime="20260412 12:33:57.716"/>
</kw>
<status status="PASS" starttime="20260412 12:33:56.766" endtime="20260412 12:33:57.717"/>
</kw>
<kw name="Enter password" library="LoginPage">
<kw name="Enter Text in text field" library="Common_keyword">
<arg>${password_field}</arg>
<arg>${pwd}</arg>
<kw name="Wait Until Element Is Visible" library="SeleniumLibrary">
<arg>${loc}</arg>
<arg>10</arg>
<doc>Waits until the element ``locator`` is visible.</doc>
<status status="PASS" starttime="20260412 12:33:57.721" endtime="20260412 12:33:57.790"/>
</kw>
<kw name="Input Text" library="SeleniumLibrary">
<arg>${loc}</arg>
<arg>${txt}</arg>
<doc>Types the given ``text`` into the text field identified by ``locator``.</doc>
<msg timestamp="20260412 12:33:57.792" level="INFO">Typing text 'admin123' into text field '//input[@name="password"]'.</msg>
<status status="PASS" starttime="20260412 12:33:57.791" endtime="20260412 12:33:58.075"/>
</kw>
<status status="PASS" starttime="20260412 12:33:57.719" endtime="20260412 12:33:58.076"/>
</kw>
<status status="PASS" starttime="20260412 12:33:57.717" endtime="20260412 12:33:58.076"/>
</kw>
<kw name="Click Button Element" library="Common_keyword">
<arg>${login_btn}</arg>
<kw name="Wait Until Element Is Enabled" library="SeleniumLibrary">
<arg>${loc}</arg>
<arg>10</arg>
<doc>Waits until the element ``locator`` is enabled.</doc>
<status status="PASS" starttime="20260412 12:33:58.078" endtime="20260412 12:33:58.169"/>
</kw>
<kw name="Click Element" library="SeleniumLibrary">
<arg>${loc}</arg>
<doc>Click the element identified by ``locator``.</doc>
<msg timestamp="20260412 12:33:58.171" level="INFO">Clicking element '//button'.</msg>
<status status="PASS" starttime="20260412 12:33:58.169" endtime="20260412 12:33:58.329"/>
</kw>
<status status="PASS" starttime="20260412 12:33:58.076" endtime="20260412 12:33:58.329"/>
</kw>
<status status="PASS" starttime="20260412 12:33:51.027" endtime="20260412 12:33:58.329"/>
</kw>
<kw name="Click Button Element" library="Common_keyword">
<arg>${Admin_locator}</arg>
<kw name="Wait Until Element Is Enabled" library="SeleniumLibrary">
<arg>${loc}</arg>
<arg>10</arg>
<doc>Waits until the element ``locator`` is enabled.</doc>
<status status="PASS" starttime="20260412 12:33:58.332" endtime="20260412 12:34:00.140"/>
</kw>
<kw name="Click Element" library="SeleniumLibrary">
<arg>${loc}</arg>
<doc>Click the element identified by ``locator``.</doc>
<msg timestamp="20260412 12:34:00.142" level="INFO">Clicking element '//a/span[text()='Admin']'.</msg>
<status status="PASS" starttime="20260412 12:34:00.140" endtime="20260412 12:34:01.471"/>
</kw>
<status status="PASS" starttime="20260412 12:33:58.331" endtime="20260412 12:34:01.472"/>
</kw>
<kw name="Find User in Admin Page using username and role" library="AdminPage">
<arg>Admin</arg>
<arg>Admin</arg>
<kw name="Enter Text in text field" library="Common_keyword">
<arg>${System_user_username_field}</arg>
<arg>${username}</arg>
<kw name="Wait Until Element Is Visible" library="SeleniumLibrary">
<arg>${loc}</arg>
<arg>10</arg>
<doc>Waits until the element ``locator`` is visible.</doc>
<status status="PASS" starttime="20260412 12:34:01.478" endtime="20260412 12:34:02.085"/>
</kw>
<kw name="Input Text" library="SeleniumLibrary">
<arg>${loc}</arg>
<arg>${txt}</arg>
<doc>Types the given ``text`` into the text field identified by ``locator``.</doc>
<msg timestamp="20260412 12:34:02.088" level="INFO">Typing text 'Admin' into text field '//form[@class="oxd-form"]//input[@class="oxd-input oxd-input--active"]'.</msg>
<status status="PASS" starttime="20260412 12:34:02.086" endtime="20260412 12:34:02.549"/>
</kw>
<status status="PASS" starttime="20260412 12:34:01.476" endtime="20260412 12:34:02.549"/>
</kw>
<kw name="Click Button Element" library="Common_keyword">
<arg>${Role_type_dropdown}</arg>
<kw name="Wait Until Element Is Enabled" library="SeleniumLibrary">
<arg>${loc}</arg>
<arg>10</arg>
<doc>Waits until the element ``locator`` is enabled.</doc>
<status status="PASS" starttime="20260412 12:34:02.552" endtime="20260412 12:34:02.640"/>
</kw>
<kw name="Click Element" library="SeleniumLibrary">
<arg>${loc}</arg>
<doc>Click the element identified by ``locator``.</doc>
<msg timestamp="20260412 12:34:02.643" level="INFO">Clicking element '//div[@class='oxd-form-row']/div/div[2]/div/div[2]/div//div[2]'.</msg>
<status status="PASS" starttime="20260412 12:34:02.641" endtime="20260412 12:34:02.805"/>
</kw>
<status status="PASS" starttime="20260412 12:34:02.550" endtime="20260412 12:34:02.805"/>
</kw>
<kw name="Click Button Element" library="Common_keyword">
<arg>${Select_ROLE_option}/span[text()='${role}']</arg>
<kw name="Wait Until Element Is Enabled" library="SeleniumLibrary">
<arg>${loc}</arg>
<arg>10</arg>
<doc>Waits until the element ``locator`` is enabled.</doc>
<status status="PASS" starttime="20260412 12:34:02.808" endtime="20260412 12:34:02.894"/>
</kw>
<kw name="Click Element" library="SeleniumLibrary">
<arg>${loc}</arg>
<doc>Click the element identified by ``locator``.</doc>
<msg timestamp="20260412 12:34:02.897" level="INFO">Clicking element '//div[contains(@class,'oxd-select-option')]/span[text()='Admin']'.</msg>
<status status="PASS" starttime="20260412 12:34:02.895" endtime="20260412 12:34:03.032"/>
</kw>
<status status="PASS" starttime="20260412 12:34:02.806" endtime="20260412 12:34:03.033"/>
</kw>
<kw name="Click Button Element" library="Common_keyword">
<arg>${search_btn}</arg>
<kw name="Wait Until Element Is Enabled" library="SeleniumLibrary">
<arg>${loc}</arg>
<arg>10</arg>
<doc>Waits until the element ``locator`` is enabled.</doc>
<status status="PASS" starttime="20260412 12:34:03.035" endtime="20260412 12:34:03.124"/>
</kw>
<kw name="Click Element" library="SeleniumLibrary">
<arg>${loc}</arg>
<doc>Click the element identified by ``locator``.</doc>
<msg timestamp="20260412 12:34:03.127" level="INFO">Clicking element '//button[text()=" Search "]'.</msg>
<status status="PASS" starttime="20260412 12:34:03.125" endtime="20260412 12:34:03.274"/>
</kw>
<status status="PASS" starttime="20260412 12:34:03.033" endtime="20260412 12:34:03.274"/>
</kw>
<for flavor="IN">
<var>${x}</var>
<value>@{table_headers}</value>
<iter>
<var name="${x}">Username</var>
<kw name="Wait Until Element Is Visible" library="SeleniumLibrary">
<arg>//div[@class='oxd-table-body']/div/div/div[count(//div[@class="oxd-table-header"]/div/div[text()='${x}']/preceding-sibling::div)+1]</arg>
<doc>Waits until the element ``locator`` is visible.</doc>
<status status="PASS" starttime="20260412 12:34:03.276" endtime="20260412 12:34:03.807"/>
</kw>
<kw name="Get Text" library="SeleniumLibrary">
<var>${extracted_val}</var>
<arg>//div[@class='oxd-table-body']/div/div/div[count(//div[@class="oxd-table-header"]/div/div[text()='${x}']/preceding-sibling::div)+1]</arg>
<doc>Returns the text value of the element identified by ``locator``.</doc>
<msg timestamp="20260412 12:34:03.878" level="INFO">${extracted_val} = Admin</msg>
<status status="PASS" starttime="20260412 12:34:03.808" endtime="20260412 12:34:03.878"/>
</kw>
<kw name="Log" library="BuiltIn">
<arg>${extracted_val}</arg>
<doc>Logs the given message with the given level.</doc>
<msg timestamp="20260412 12:34:03.880" level="INFO">Admin</msg>
<status status="PASS" starttime="20260412 12:34:03.879" endtime="20260412 12:34:03.880"/>
</kw>
<status status="PASS" starttime="20260412 12:34:03.275" endtime="20260412 12:34:03.880"/>
</iter>
<iter>
<var name="${x}">User Role</var>
<kw name="Wait Until Element Is Visible" library="SeleniumLibrary">
<arg>//div[@class='oxd-table-body']/div/div/div[count(//div[@class="oxd-table-header"]/div/div[text()='${x}']/preceding-sibling::div)+1]</arg>
<doc>Waits until the element ``locator`` is visible.</doc>
<status status="PASS" starttime="20260412 12:34:03.881" endtime="20260412 12:34:03.944"/>
</kw>
<kw name="Get Text" library="SeleniumLibrary">
<var>${extracted_val}</var>
<arg>//div[@class='oxd-table-body']/div/div/div[count(//div[@class="oxd-table-header"]/div/div[text()='${x}']/preceding-sibling::div)+1]</arg>
<doc>Returns the text value of the element identified by ``locator``.</doc>
<msg timestamp="20260412 12:34:03.998" level="INFO">${extracted_val} = Admin</msg>
<status status="PASS" starttime="20260412 12:34:03.945" endtime="20260412 12:34:03.999"/>
</kw>
<kw name="Log" library="BuiltIn">
<arg>${extracted_val}</arg>
<doc>Logs the given message with the given level.</doc>
<msg timestamp="20260412 12:34:04.000" level="INFO">Admin</msg>
<status status="PASS" starttime="20260412 12:34:03.999" endtime="20260412 12:34:04.001"/>
</kw>
<status status="PASS" starttime="20260412 12:34:03.880" endtime="20260412 12:34:04.001"/>
</iter>
<iter>
<var name="${x}">Employee Name</var>
<kw name="Wait Until Element Is Visible" library="SeleniumLibrary">
<arg>//div[@class='oxd-table-body']/div/div/div[count(//div[@class="oxd-table-header"]/div/div[text()='${x}']/preceding-sibling::div)+1]</arg>
<doc>Waits until the element ``locator`` is visible.</doc>
<status status="PASS" starttime="20260412 12:34:04.002" endtime="20260412 12:34:04.068"/>
</kw>
<kw name="Get Text" library="SeleniumLibrary">
<var>${extracted_val}</var>
<arg>//div[@class='oxd-table-body']/div/div/div[count(//div[@class="oxd-table-header"]/div/div[text()='${x}']/preceding-sibling::div)+1]</arg>
<doc>Returns the text value of the element identified by ``locator``.</doc>
<msg timestamp="20260412 12:34:04.133" level="INFO">${extracted_val} = Chanda Childu</msg>
<status status="PASS" starttime="20260412 12:34:04.068" endtime="20260412 12:34:04.134"/>
</kw>
<kw name="Log" library="BuiltIn">
<arg>${extracted_val}</arg>
<doc>Logs the given message with the given level.</doc>
<msg timestamp="20260412 12:34:04.136" level="INFO">Chanda Childu</msg>
<status status="PASS" starttime="20260412 12:34:04.134" endtime="20260412 12:34:04.136"/>
</kw>
<status status="PASS" starttime="20260412 12:34:04.001" endtime="20260412 12:34:04.136"/>
</iter>
<iter>
<var name="${x}">Status</var>
<kw name="Wait Until Element Is Visible" library="SeleniumLibrary">
<arg>//div[@class='oxd-table-body']/div/div/div[count(//div[@class="oxd-table-header"]/div/div[text()='${x}']/preceding-sibling::div)+1]</arg>
<doc>Waits until the element ``locator`` is visible.</doc>
<status status="PASS" starttime="20260412 12:34:04.137" endtime="20260412 12:34:04.219"/>
</kw>
<kw name="Get Text" library="SeleniumLibrary">
<var>${extracted_val}</var>
<arg>//div[@class='oxd-table-body']/div/div/div[count(//div[@class="oxd-table-header"]/div/div[text()='${x}']/preceding-sibling::div)+1]</arg>
<doc>Returns the text value of the element identified by ``locator``.</doc>
<msg timestamp="20260412 12:34:04.273" level="INFO">${extracted_val} = Enabled</msg>
<status status="PASS" starttime="20260412 12:34:04.220" endtime="20260412 12:34:04.273"/>
</kw>
<kw name="Log" library="BuiltIn">
<arg>${extracted_val}</arg>
<doc>Logs the given message with the given level.</doc>
<msg timestamp="20260412 12:34:04.274" level="INFO">Enabled</msg>
<status status="PASS" starttime="20260412 12:34:04.274" endtime="20260412 12:34:04.275"/>
</kw>
<status status="PASS" starttime="20260412 12:34:04.137" endtime="20260412 12:34:04.275"/>
</iter>
<status status="PASS" starttime="20260412 12:34:03.274" endtime="20260412 12:34:04.275"/>
</for>
<status status="PASS" starttime="20260412 12:34:01.474" endtime="20260412 12:34:04.275"/>
</kw>
<kw name="Logout from Application" library="Common_keyword" type="TEARDOWN">
<kw name="Click Button Element" library="Common_keyword">
<arg>${user_drpdwn_menu}</arg>
<kw name="Wait Until Element Is Enabled" library="SeleniumLibrary">
<arg>${loc}</arg>
<arg>10</arg>
<doc>Waits until the element ``locator`` is enabled.</doc>
<status status="PASS" starttime="20260412 12:34:04.281" endtime="20260412 12:34:04.364"/>
</kw>
<kw name="Click Element" library="SeleniumLibrary">
<arg>${loc}</arg>
<doc>Click the element identified by ``locator``.</doc>
<msg timestamp="20260412 12:34:04.366" level="INFO">Clicking element '//p[@class='oxd-userdropdown-name']'.</msg>
<status status="PASS" starttime="20260412 12:34:04.365" endtime="20260412 12:34:04.495"/>
</kw>
<status status="PASS" starttime="20260412 12:34:04.279" endtime="20260412 12:34:04.495"/>
</kw>
<kw name="Click Button Element" library="Common_keyword">
<arg>${login_btn}</arg>
<kw name="Wait Until Element Is Enabled" library="SeleniumLibrary">
<arg>${loc}</arg>
<arg>10</arg>
<doc>Waits until the element ``locator`` is enabled.</doc>
<status status="PASS" starttime="20260412 12:34:04.497" endtime="20260412 12:34:04.579"/>
</kw>
<kw name="Click Element" library="SeleniumLibrary">
<arg>${loc}</arg>
<doc>Click the element identified by ``locator``.</doc>
<msg timestamp="20260412 12:34:04.582" level="INFO">Clicking element '//button'.</msg>
<status status="PASS" starttime="20260412 12:34:04.580" endtime="20260412 12:34:04.761"/>
</kw>
<status status="PASS" starttime="20260412 12:34:04.496" endtime="20260412 12:34:04.761"/>
</kw>
<kw name="Close Browser" library="SeleniumLibrary">
<doc>Closes the current browser.</doc>
<status status="PASS" starttime="20260412 12:34:04.762" endtime="20260412 12:34:08.922"/>
</kw>
<status status="PASS" starttime="20260412 12:34:04.277" endtime="20260412 12:34:08.922"/>
</kw>
<tag>New</tag>
<status status="PASS" starttime="20260412 12:33:51.025" endtime="20260412 12:34:08.924"/>
</test>
<status status="PASS" starttime="20260412 12:32:49.106" endtime="20260412 12:34:08.927"/>
</suite>
<statistics>
<total>
<stat pass="5" fail="0" skip="0">All Tests</stat>
</total>
<tag>
<stat pass="1" fail="0" skip="0">debug</stat>
<stat pass="1" fail="0" skip="0">New</stat>
</tag>
<suite>
<stat pass="5" fail="0" skip="0" id="s1" name="OrangeHRM Suite">OrangeHRM Suite</stat>
</suite>
</statistics>
<errors>
<msg timestamp="20260412 12:32:50.221" level="ERROR">Error in file 'D:\RF_Automation\Resources\Utility\Common_keyword.resource' on line 2: Resource file '..\Resources\Utility\Settings.resource' does not exist.</msg>
</errors>
</robot>
